Using pre-set license
Built from '2020.3/release' branch; Version is '2020.3.2f1 (8fd9074bf66c) revision 9427207'; Using compiler version '192528614'; Build Type 'Release'
OS: 'Windows 10 Pro; OS build 19042.928; Version 2009; 64bit' Language: 'ko' Physical Memory: 16233 MB
BatchMode: 1, IsHumanControllingUs: 0, StartBugReporterOnCrash: 0, Is64bit: 1, IsPro: 0

 COMMAND LINE ARGUMENTS:
C:\Program Files\Unity\Hub\Editor\2020.3.2f1\Editor\Unity.exe
-adb2
-batchMode
-noUpm
-name
AssetImportWorker0
-projectPath
C:/Users/ROG/Documents/유니티 방과후/AfterSchool_Unity
-logFile
Logs/AssetImportWorker0.log
-srvPort
55095
Successfully changed project path to: C:/Users/ROG/Documents/유니티 방과후/AfterSchool_Unity
C:/Users/ROG/Documents/유니티 방과후/AfterSchool_Unity
Using Asset Import Pipeline V2.
Refreshing native plugins compatible for Editor in 33.45 ms, found 1 plugins.
Preloading 0 native plugins for Editor in 0.00 ms.
Initialize engine version: 2020.3.2f1 (8fd9074bf66c)
[Subsystems] Discovering subsystems at path C:/Program Files/Unity/Hub/Editor/2020.3.2f1/Editor/Data/Resources/UnitySubsystems
[Subsystems] Discovering subsystems at path C:/Users/ROG/Documents/유니티 방과후/AfterSchool_Unity/Assets
GfxDevice: creating device client; threaded=0
Direct3D:
    Version:  Direct3D 11.0 [level 11.1]
    Renderer: NVIDIA GeForce RTX 2060 (ID=0x1f11)
    Vendor:   
    VRAM:     5980 MB
    Driver:   27.21.14.6089
Initialize mono
Mono path[0] = 'C:/Program Files/Unity/Hub/Editor/2020.3.2f1/Editor/Data/Managed'
Mono path[1] = 'C:/Program Files/Unity/Hub/Editor/2020.3.2f1/Editor/Data/MonoBleedingEdge/lib/mono/unityjit'
Mono config path = 'C:/Program Files/Unity/Hub/Editor/2020.3.2f1/Editor/Data/MonoBleedingEdge/etc'
Using monoOptions --debugger-agent=transport=dt_socket,embedding=1,server=y,suspend=n,address=127.0.0.1:56004
Begin MonoManager ReloadAssembly
Registering precompiled unity dll's ...
Register platform support module: C:/Program Files/Unity/Hub/Editor/2020.3.2f1/Editor/Data/PlaybackEngines/WindowsStandaloneSupport/UnityEditor.WindowsStandalone.Extensions.dll
Registered in 0.001469 seconds.
Native extension for WindowsStandalone target not found
Refreshing native plugins compatible for Editor in 32.35 ms, found 1 plugins.
Preloading 0 native plugins for Editor in 0.00 ms.
Invoked RoslynAnalysisRunner static constructor.
RoslynAnalysisRunner will not be running.
RoslynAnalysisRunner has terminated.
Mono: successfully reloaded assembly
- Completed reload, in  1.431 seconds
Platform modules already initialized, skipping
Registering precompiled user dll's ...
Registered in 0.000696 seconds.
Begin MonoManager ReloadAssembly
Native extension for WindowsStandalone target not found
Refreshing native plugins compatible for Editor in 30.92 ms, found 1 plugins.
Preloading 0 native plugins for Editor in 0.00 ms.
Invoked RoslynAnalysisRunner static constructor.
RoslynAnalysisRunner will not be running.
RoslynAnalysisRunner has terminated.
Mono: successfully reloaded assembly
- Completed reload, in  0.812 seconds
Platform modules already initialized, skipping
========================================================================
Worker process is ready to serve import requests
Launched and connected shader compiler UnityShaderCompiler.exe after 0.04 seconds
Refreshing native plugins compatible for Editor in 0.32 ms, found 1 plugins.
Preloading 0 native plugins for Editor in 0.00 ms.
Unloading 1808 Unused Serialized files (Serialized files now loaded: 0)
System memory in use before: 84.8 MB.
System memory in use after: 84.8 MB.

Unloading 24 unused Assets to reduce memory usage. Loaded Objects now: 2250.
Total: 2.080500 ms (FindLiveObjects: 0.179200 ms CreateObjectMapping: 0.078100 ms MarkObjects: 1.711500 ms  DeleteObjects: 0.110800 ms)

AssetImportParameters requested are different than current active one (requested -> active):
  requireTextureImportCompression: false -> true
========================================================================
Received Import Request.
  path: Assets
  artifactKey: Guid(00000000000000001000000000000000) Importer(815301076,1909f56bfc062723c751e8b465ee728b)
Start importing Assets using Guid(00000000000000001000000000000000) Importer(815301076,1909f56bfc062723c751e8b465ee728b)  -> (artifact id: '819a33a9bd799f71faca6db75e8a216c') in 0.008788 seconds
  Import took 0.011326 seconds .

========================================================================
Received Import Request.
  Time since last request: 2.772115 seconds.
  path: Assets/01.Scripts
  artifactKey: Guid(a0461bdd13fa2ce43b84a68f7319e7a1) Importer(815301076,1909f56bfc062723c751e8b465ee728b)
Start importing Assets/01.Scripts using Guid(a0461bdd13fa2ce43b84a68f7319e7a1) Importer(815301076,1909f56bfc062723c751e8b465ee728b)  -> (artifact id: '46893d8f3b6677f3dbe7bc316c15ebea') in 0.007392 seconds
  Import took 0.009998 seconds .

========================================================================
Received Import Request.
  Time since last request: 0.000571 seconds.
  path: Assets/01.Scripts
  artifactKey: Guid(a0461bdd13fa2ce43b84a68f7319e7a1) Importer(815301076,1909f56bfc062723c751e8b465ee728b)
Start importing Assets/01.Scripts using Guid(a0461bdd13fa2ce43b84a68f7319e7a1) Importer(815301076,1909f56bfc062723c751e8b465ee728b)  -> (artifact id: '46893d8f3b6677f3dbe7bc316c15ebea') in 0.002006 seconds
  Import took 0.005926 seconds .

========================================================================
Received Import Request.
  Time since last request: 73.031595 seconds.
  path: Assets/02.Sprites
  artifactKey: Guid(6413b5fb1d675f049b72b8493a688bb3) Importer(815301076,1909f56bfc062723c751e8b465ee728b)
Start importing Assets/02.Sprites using Guid(6413b5fb1d675f049b72b8493a688bb3) Importer(815301076,1909f56bfc062723c751e8b465ee728b)  -> (artifact id: 'd873a07d0e7553e8d554d7c870d5a788') in 0.008081 seconds
  Import took 0.010899 seconds .

========================================================================
Received Import Request.
  Time since last request: 109.235753 seconds.
  path: Assets/01.Scripts/Clicker.cs
  artifactKey: Guid(c5f301e0e95dd8c4b9e829813eeb7615) Importer(815301076,1909f56bfc062723c751e8b465ee728b)
Start importing Assets/01.Scripts/Clicker.cs using Guid(c5f301e0e95dd8c4b9e829813eeb7615) Importer(815301076,1909f56bfc062723c751e8b465ee728b)  -> (artifact id: 'c86bbdcd842bffbb09caf91d97037d64') in 0.025332 seconds
  Import took 0.028563 seconds .

========================================================================
Received Prepare
Registering precompiled user dll's ...
Registered in 0.001024 seconds.
Begin MonoManager ReloadAssembly
Native extension for WindowsStandalone target not found
Refreshing native plugins compatible for Editor in 0.35 ms, found 1 plugins.
Preloading 0 native plugins for Editor in 0.00 ms.
Invoked RoslynAnalysisRunner static constructor.
RoslynAnalysisRunner will not be running.
RoslynAnalysisRunner has terminated.
Mono: successfully reloaded assembly
- Completed reload, in  0.779 seconds
Platform modules already initialized, skipping
Refreshing native plugins compatible for Editor in 0.37 ms, found 1 plugins.
Preloading 0 native plugins for Editor in 0.00 ms.
Unloading 1804 Unused Serialized files (Serialized files now loaded: 0)
System memory in use before: 84.8 MB.
System memory in use after: 84.8 MB.

Unloading 12 unused Assets to reduce memory usage. Loaded Objects now: 2255.
Total: 1.788200 ms (FindLiveObjects: 0.190100 ms CreateObjectMapping: 0.063200 ms MarkObjects: 1.438100 ms  DeleteObjects: 0.095700 ms)

AssetImportParameters requested are different than current active one (requested -> active):
  requireTextureImportCompression: false -> true
========================================================================
Received Prepare
Registering precompiled user dll's ...
Registered in 0.000943 seconds.
Begin MonoManager ReloadAssembly
Native extension for WindowsStandalone target not found
Refreshing native plugins compatible for Editor in 0.38 ms, found 1 plugins.
Preloading 0 native plugins for Editor in 0.00 ms.
Invoked RoslynAnalysisRunner static constructor.
RoslynAnalysisRunner will not be running.
RoslynAnalysisRunner has terminated.
Mono: successfully reloaded assembly
- Completed reload, in  0.839 seconds
Platform modules already initialized, skipping
Refreshing native plugins compatible for Editor in 0.47 ms, found 1 plugins.
Preloading 0 native plugins for Editor in 0.00 ms.
Unloading 1804 Unused Serialized files (Serialized files now loaded: 0)
System memory in use before: 84.8 MB.
System memory in use after: 84.8 MB.

Unloading 12 unused Assets to reduce memory usage. Loaded Objects now: 2259.
Total: 1.848200 ms (FindLiveObjects: 0.198200 ms CreateObjectMapping: 0.060900 ms MarkObjects: 1.479600 ms  DeleteObjects: 0.108300 ms)

AssetImportParameters requested are different than current active one (requested -> active):
  requireTextureImportCompression: false -> true
========================================================================
Received Import Request.
  Time since last request: 4450.563336 seconds.
  path: Assets/01.Scripts/Clicker.cs
  artifactKey: Guid(c5f301e0e95dd8c4b9e829813eeb7615) Importer(815301076,1909f56bfc062723c751e8b465ee728b)
Start importing Assets/01.Scripts/Clicker.cs using Guid(c5f301e0e95dd8c4b9e829813eeb7615) Importer(815301076,1909f56bfc062723c751e8b465ee728b)  -> (artifact id: '15260989e38b7ec497f4d4aa055b30bc') in 0.003727 seconds
  Import took 0.006353 seconds .

========================================================================
Received Import Request.
  Time since last request: 10.642775 seconds.
  path: Assets/01.Scripts/StageManager.cs
  artifactKey: Guid(2da81bb333357e24cbb375e124302523) Importer(815301076,1909f56bfc062723c751e8b465ee728b)
Start importing Assets/01.Scripts/StageManager.cs using Guid(2da81bb333357e24cbb375e124302523) Importer(815301076,1909f56bfc062723c751e8b465ee728b)  -> (artifact id: '39b57bb1643dfd3ad5de87ca4ca967fd') in 0.010424 seconds
  Import took 0.014738 seconds .

========================================================================
Received Prepare
Registering precompiled user dll's ...
Registered in 0.000784 seconds.
Begin MonoManager ReloadAssembly
Native extension for WindowsStandalone target not found
Refreshing native plugins compatible for Editor in 0.36 ms, found 1 plugins.
Preloading 0 native plugins for Editor in 0.00 ms.
Invoked RoslynAnalysisRunner static constructor.
RoslynAnalysisRunner will not be running.
RoslynAnalysisRunner has terminated.
Mono: successfully reloaded assembly
- Completed reload, in  0.804 seconds
Platform modules already initialized, skipping
Refreshing native plugins compatible for Editor in 0.33 ms, found 1 plugins.
Preloading 0 native plugins for Editor in 0.00 ms.
Unloading 1805 Unused Serialized files (Serialized files now loaded: 0)
System memory in use before: 84.9 MB.
System memory in use after: 84.9 MB.

Unloading 12 unused Assets to reduce memory usage. Loaded Objects now: 2264.
Total: 2.281300 ms (FindLiveObjects: 0.179100 ms CreateObjectMapping: 0.069200 ms MarkObjects: 1.916000 ms  DeleteObjects: 0.115700 ms)

AssetImportParameters requested are different than current active one (requested -> active):
  requireTextureImportCompression: false -> true
========================================================================
Received Import Request.
  Time since last request: 19.932229 seconds.
  path: Assets/01.Scripts/Enemy.cs
  artifactKey: Guid(6cfdfa8341893334c8b6dff553e391b3) Importer(815301076,1909f56bfc062723c751e8b465ee728b)
Start importing Assets/01.Scripts/Enemy.cs using Guid(6cfdfa8341893334c8b6dff553e391b3) Importer(815301076,1909f56bfc062723c751e8b465ee728b)  -> (artifact id: '79711c8cc3d2ceabec5fbf44e1cc4729') in 0.010307 seconds
  Import took 0.013239 seconds .

========================================================================
Received Prepare
Registering precompiled user dll's ...
Registered in 0.000815 seconds.
Begin MonoManager ReloadAssembly
Native extension for WindowsStandalone target not found
Refreshing native plugins compatible for Editor in 0.58 ms, found 1 plugins.
Preloading 0 native plugins for Editor in 0.00 ms.
Invoked RoslynAnalysisRunner static constructor.
RoslynAnalysisRunner will not be running.
RoslynAnalysisRunner has terminated.
Mono: successfully reloaded assembly
- Completed reload, in  0.775 seconds
Platform modules already initialized, skipping
Refreshing native plugins compatible for Editor in 0.33 ms, found 1 plugins.
Preloading 0 native plugins for Editor in 0.00 ms.
Unloading 1806 Unused Serialized files (Serialized files now loaded: 0)
System memory in use before: 84.9 MB.
System memory in use after: 84.9 MB.

Unloading 12 unused Assets to reduce memory usage. Loaded Objects now: 2269.
Total: 1.981700 ms (FindLiveObjects: 0.196300 ms CreateObjectMapping: 0.063000 ms MarkObjects: 1.620900 ms  DeleteObjects: 0.100000 ms)

AssetImportParameters requested are different than current active one (requested -> active):
  requireTextureImportCompression: false -> true
========================================================================
Received Import Request.
  Time since last request: 131.027573 seconds.
  path: Assets/01.Scripts/Enemy.cs
  artifactKey: Guid(6cfdfa8341893334c8b6dff553e391b3) Importer(815301076,1909f56bfc062723c751e8b465ee728b)
Start importing Assets/01.Scripts/Enemy.cs using Guid(6cfdfa8341893334c8b6dff553e391b3) Importer(815301076,1909f56bfc062723c751e8b465ee728b)  -> (artifact id: '835fb613ef9aa3ffaa60eeff446b8ed2') in 0.007994 seconds
  Import took 0.016256 seconds .

========================================================================
Received Prepare
Registering precompiled user dll's ...
Registered in 0.001151 seconds.
Begin MonoManager ReloadAssembly
Native extension for WindowsStandalone target not found
Refreshing native plugins compatible for Editor in 0.34 ms, found 1 plugins.
Preloading 0 native plugins for Editor in 0.00 ms.
Invoked RoslynAnalysisRunner static constructor.
RoslynAnalysisRunner will not be running.
RoslynAnalysisRunner has terminated.
Mono: successfully reloaded assembly
- Completed reload, in  0.747 seconds
Platform modules already initialized, skipping
Refreshing native plugins compatible for Editor in 0.33 ms, found 1 plugins.
Preloading 0 native plugins for Editor in 0.00 ms.
Unloading 1806 Unused Serialized files (Serialized files now loaded: 0)
System memory in use before: 84.9 MB.
System memory in use after: 84.9 MB.

Unloading 12 unused Assets to reduce memory usage. Loaded Objects now: 2273.
Total: 2.004200 ms (FindLiveObjects: 0.210400 ms CreateObjectMapping: 0.073200 ms MarkObjects: 1.616000 ms  DeleteObjects: 0.103700 ms)

AssetImportParameters requested are different than current active one (requested -> active):
  requireTextureImportCompression: false -> true
========================================================================
Received Import Request.
  Time since last request: 146.184442 seconds.
  path: Assets/01.Scripts/Enemy.cs
  artifactKey: Guid(6cfdfa8341893334c8b6dff553e391b3) Importer(815301076,1909f56bfc062723c751e8b465ee728b)
Start importing Assets/01.Scripts/Enemy.cs using Guid(6cfdfa8341893334c8b6dff553e391b3) Importer(815301076,1909f56bfc062723c751e8b465ee728b)  -> (artifact id: 'e626a75a774e1c5a8bd56c72811cd370') in 0.003760 seconds
  Import took 0.006266 seconds .

AssetImportWorkerClient::OnTransportError - code=2 error=End of file
